0    INFO   Forking Pnode pnode1...
19   INFO   RINAConfig: configuration file: pnode1.properties loaded
59   INFO   RINAConfig: IPCName: pnode1
60   INFO   RINAConfig: The name of the DIF that is going to join  is: DIF1
60   INFO   RINAConfig: User name is: BU
60   INFO   RINAConfig: Pass word is: BU
60   INFO   RINAConfig: IDD name is: idd
61   INFO   RINAConfig: DNSName: localhost
61   INFO   RINAConfig: DNSPort: 21111
62   INFO   RINAConfig: TCPPort: 21115
101  INFO   TCPFlowManager: Registration to DNS finished
5106 INFO   RINAConfig: name of neihbour 1 is idd
5234 INFO   TCPFlowManager: DNS Query of idd finished
5493 INFO   TCPFlowManager: New TCP Flow is added: idd
5494 INFO   RINAConfig: name of neihbour 2 is InPManagerIPC
5495 INFO   TCPFlowManager: DNS Query of InPManagerIPC finished
5496 INFO   TCPFlowManager: New TCP Flow is added: InPManagerIPC
5496 INFO   RINAConfig: name of neihbour 3 is pnode3
5497 INFO   TCPFlowManager: DNS Query of pnode3 finished
5498 INFO   TCPFlowManager: New TCP Flow is added: pnode3
5498 INFO   IPC Process pnode1 : init Connection done
5591 INFO   TCPFlowManager: flow allocated before.
5592 INFO   IPC Process pnode1 of DIF DIF1: M_READ to IDD sent
5592 INFO   IPC Process pnode1 of DIF DIF1 has state: WAIT_FOR_IDD_LOOKUP
5594 INFO   IPCProcess(pnode1): cdapMessage received, and opcode is M_READ_R and src is idd and objclass is IDDEntry, objName is bu
5594 INFO   IPC Process pnode1 of DIF DIF1: IDD M_READ_R(OK) received
6016 INFO   IPC Process pnode1 of DIF DIF1: NMS of the dst DIF is InPManagerIPC
6016 INFO   IPC Process pnode1 of DIF DIF1: new flow allocated for NMS: InPManagerIPC
6110 INFO   TCPFlowManager: flow allocated before.
6111 INFO   IPC Process pnode1 of DIF DIF1: M_START to NMS sent
6111 INFO   IPC Process State: WAIT_TO_JOIN_DIF
6216 INFO   IPCProcess(pnode1): cdapMessage received, and opcode is M_START_R and src is InPManagerIPC and objclass is enrollment information, objName is /daf/management/enrollment
6216 INFO   IPC Process pnode1 of DIF DIF1: NMS M_START_R(OK) received
6216 INFO   IPC Process State: JOINING_DIF
6224 INFO   IPCProcess(pnode1): cdapMessage received, and opcode is M_CREATE and src is InPManagerIPC and objclass is DIFMemberList, objName is DIFMemberList
6225 INFO   IPC Process pnode1 of DIF DIF1: M_CREATE received
6232 INFO   IPC Process pnode1 of DIF DIF1: Current memberList is [InPManagerIPC, pnode1]
6232 INFO   TCPFlowManager: flow allocated before.
6233 INFO   IPC Process pnode1 of DIF DIF1: M_CREATE_R(OK) to NMS InPManagerIPC sent
6233 INFO   IPC Process State: WAIT_FOR_START
6238 INFO   IPCProcess(pnode1): cdapMessage received, and opcode is M_STOP and src is InPManagerIPC and objclass is enrollment information, objName is /daf/management/enrollment
6238 INFO   IPC Process pnode1 of DIF DIF1: M_STOP received
6238 INFO   TCPFlowManager: flow allocated before.
6239 INFO   IPC Process pnode1 of DIF DIF1: M_STOP_R(Enrollment) to NMS InPManagerIPC sent
6239 INFO   IPC Process pnode1 of DIF DIF1 has state: DIF_JOINED
6239 INFO   IPC Process pnode1 of DIF DIF1: Enrollment phase complete
6239 INFO   RINAConfig: IDD name is: idd
6396 INFO   RIBDaemon(pnode1): sub name is appsReachable, frequency is 2
6410 INFO   RIBDaemon(pnode1): sub name is neighbour, frequency is 2
6410 INFO   TCPFlowManager: flow allocated before.
6412 INFO   SubHandler(pnode1):  M_READ(PubSub/appsReachable) to NMS sent
6415 INFO   CADConfig: configuration file: pnode1.properties loaded
6421 INFO   TCPFlowManager: flow allocated before.
6421 INFO   IPC Process pnode1 of DIFDIF1: M_CREATE registerApp pnode1 sent to NMS, and NMS name is InPManagerIPC
6422 INFO   Flow Allocator: allocate flow to IDD for pnode1
6423 INFO   Flow Allocator:  portID is 8354 for IDD, and app Name is pnode1
6424 INFO   IRM: get a handle to IDD, and it is 3949
6479 INFO   IPCProcess(pnode1): cdapMessage received, and opcode is M_READ and src is InPManagerIPC and objclass is PubSub, objName is InPManagerIPC
6479 INFO   RIBDaemon(pnode1): opcode is M_READ objClass is PubSub received from InPManagerIPC
6479 INFO   RIBDaemon(pnode1)subscribe request received from  InPManagerIPC and it is for appStatus with frequency 7
6480 WARN   RIBDaemon(pnode1): subscriber(InPManagerIPC) to  appStatus#7failed, the sub event does not exist
8140 INFO   IPCProcess(pnode1): cdapMessage received, and opcode is M_READ_R and src is InPManagerIPC and objclass is PubSub, objName is InPManagerIPC
8140 INFO   RIBDaemon(pnode1): opcode is M_READ_R objClass is PubSub received from InPManagerIPC
8140 INFO   RIBDaemon(pnode1): appsReachable(freq: 2)M_READ_R received
8786 INFO   IPCProcess(pnode1): cdapMessage received, and opcode is M_WRITE and src is InPManagerIPC and objclass is DIFMemberList, objName is DIFMemberList
8787 INFO   IPC Process pnode1 of DIFDIF1: Current memberList is [InPManagerIPC, pnode1, pnode3]
8787 INFO   TCPFlowManager: flow allocated before.
8787 INFO   IPC Process pnode1 of DIF DIF1: M_WRITE_R(OK) to NMS InPManagerIPC sent
8788 INFO   IPC Process: new member has joined DIF DIF1 and the current member are [InPManagerIPC, pnode1, pnode3]
10142 INFO   IPCProcess(pnode1): cdapMessage received, and opcode is M_READ_R and src is InPManagerIPC and objclass is PubSub, objName is InPManagerIPC
10142 INFO   RIBDaemon(pnode1): opcode is M_READ_R objClass is PubSub received from InPManagerIPC
10142 INFO   RIBDaemon(pnode1): appsReachable(freq: 2)M_READ_R received
12144 INFO   IPCProcess(pnode1): cdapMessage received, and opcode is M_READ_R and src is InPManagerIPC and objclass is PubSub, objName is InPManagerIPC
12144 INFO   RIBDaemon(pnode1): opcode is M_READ_R objClass is PubSub received from InPManagerIPC
12144 INFO   RIBDaemon(pnode1): appsReachable(freq: 2)M_READ_R received
14123 INFO   IPCProcess(pnode1): cdapMessage received, and opcode is M_WRITE and src is InPManagerIPC and objclass is DIFMemberList, objName is DIFMemberList
14124 INFO   IPC Process pnode1 of DIFDIF1: Current memberList is [InPManagerIPC, pnode1, pnode3, sp]
14126 INFO   TCPFlowManager: flow allocated before.
14126 INFO   IPC Process pnode1 of DIF DIF1: M_WRITE_R(OK) to NMS InPManagerIPC sent
14126 INFO   IPC Process: new member has joined DIF DIF1 and the current member are [InPManagerIPC, pnode1, pnode3, sp]
14145 INFO   IPCProcess(pnode1): cdapMessage received, and opcode is M_READ_R and src is InPManagerIPC and objclass is PubSub, objName is InPManagerIPC
14145 INFO   RIBDaemon(pnode1): opcode is M_READ_R objClass is PubSub received from InPManagerIPC
14145 INFO   RIBDaemon(pnode1): appsReachable(freq: 2)M_READ_R received
14368 INFO   Application Process(pnode1): cdapMessage received, 
 opcode is M_CREATE
 src is sp
 objclass is flow
 objName is sp
14368 INFO   IRM: CDAP opcode is  M_CREATE
14369 INFO   IRM: objectClass is flow
14369 INFO   IRM: objectName is sp
14369 INFO   IRM: M_CREATE received
14369 INFO   IRM(pnode1): M_CREATE(flow) received
14370 DEBUG  FlowAllocatorImpl::resolveUpperDIFIPC: CDAP M_READ sent, appName is sp, NMS name is InPManagerIPC
14371 INFO   IPCProcess(pnode1): cdapMessage received, and opcode is M_READ_R and src is InPManagerIPC and objclass is resolveApp, objName is sp
14372 INFO   IPC Process : M_READ_R(OK) received from  NMS. App   sp is resloved to IPC sp and well know port is  9430
14372 INFO   Flow Allocator:M_CREATE_R(flow accepted) sent back,  flow accepted successful between srcIPC pnode1(portID:8540) and dstIPC sp(portID:5994)
14372 INFO   IRM: incoming flow created with handlID 2178,underlyingIPC ispnode1, portID is 8540
14375 INFO   Application Process(pnode1): cdapMessage received, 
 opcode is M_CREATE
 src is sp
 objclass is slice
 objName is slice1
14376 INFO   ======= Pnode::handleAppCDAPmessage pnode1 ObjClass: slice
14376 INFO   ======= Pnode::handleAppCDAPmessage pnode1 ObjName:  slice1
14376 INFO   ======= Pnode::handleAppCDAPmessage pnode1 SrcAEName: sp
14406 INFO   Pnode::handleSliceRequest: embedding slice: 3185057
14406 INFO   Iteration t = 1 for slice: 3185057
14406 INFO   CADlog: pNode pnode1 BIDDING PHASE started  
 for sliceName: sliceName_linearSlice 
 slice topology: LINEAR 
 slice id: 3185057
14480 DEBUG  requested vNodeList : [vNodeId: 2
vNodeCapacity: 10
, vNodeId: 3
vNodeCapacity: 10
]
14480 DEBUG  NodeBiddingImpl::nodeBidding: bidisNeeded BEFORE (should be true): true
14481 DEBUG  NodeBiddingImpl::nodeBidding:sliceRequested.getVirtualnodeCount(): 2
14481 DEBUG  NodeBiddingImpl::biddingIsNeeded: _bidVectorMap.get(sliceID).size(): 2
14481 DEBUG  NodeBiddingImpl::biddingIsNeeded: get_allocationPolicy(): sad
14481 DEBUG  NodeBiddingImpl::biddingIsNeeded: sliceRequested.getVirtualnodeList().size(): 2
14481 DEBUG  NodeBiddingImpl::biddingIsNeeded: _bidVectorMap.get(sliceID).size(): 2
14481 DEBUG  NodeBiddingImpl::biddingIsNeeded: currentBids: 0
14481 DEBUG  NodeBiddingImpl::biddingIsNeeded: sliceRequested.getVirtualnodeList().size(): 2
14481 DEBUG  NodeBiddingImpl::biddingIsNeeded: vnode: vNodeId: 2
vNodeCapacity: 10
tempCapacity: 10
14481 DEBUG  NodeBiddingImpl::biddingIsNeeded: get_nodeStressBeforeThisSliceRequest(): 0.01
14482 DEBUG  NodeBiddingImpl::biddingIsNeeded: get_targetNodeCapacity: 100.0
14482 DEBUG  NodeBiddingImpl::nodeBidding: bidisNeeded AFTER: true
14482 DEBUG  NodeBiddingImpl::nodeBidding: m BEFORE overbidAttempt: []
14482 DEBUG  NodeBiddingImpl::overbidAttempt: START ======================
14482 DEBUG  PnodeUtil::computeUtility: this.utility: residual_node_capacity
14482 DEBUG  Pnode::computeUtility1: currentCapacity_S :0.01
14482 DEBUG  Pnode::computeUtility1: vnodeCapacity :10.0
14482 DEBUG  Pnode::computeUtility1: utility = (T - currentCapacity_S)/T  = 0.999000999000999
14482 DEBUG  NodeBiddingImpl::overbidAttempt: trying to bid on vnode with id: 0
14482 DEBUG  NodeBiddingImpl::overbidAttempt: b_ij: 0.0
14482 DEBUG  hij: 0.999000999000999
14483 DEBUG  NodeBiddingImpl::overbidAttempt END: bid is possible ======================
14483 DEBUG  NodeBiddingImpl::nodeBidding: existsJ AFTER overbidAttempt : true
14483 DEBUG  NodeBiddingImpl::nodeBidding: BEFORE BIDDING eta : -1
14483 DEBUG  NodeBiddingImpl::nodeBidding: BEFORE BIDDING Uij : 4.9E-324
14483 DEBUG  NodeBiddingImpl::computeEta: START ====================
14484 DEBUG  NodeBiddingImpl::computeEta: m: []
14484 DEBUG  NodeBiddingImpl::computeEta: m.size: 0
14484 DEBUG  NodeBiddingImpl::computeEta: b: [0.0, 0.0]
14484 DEBUG  NodeBiddingImpl::computeEta: b.size: 2
14484 DEBUG  NodeBiddingImpl::computeEta: FINAL vNodesToExclude: []
14484 DEBUG  Pnode::computeUtility1 with m: m is empty
14484 DEBUG  Pnode::computeUtility1 targetCapacity_T  = 100.0
14485 DEBUG  Pnode::computeUtility1 with m: utility = 0.8998999999999999
14485 DEBUG  NodeBiddingImpl::computeEta: temp_Uij: 0.8998999999999999
14485 DEBUG  Pnode::computeUtility1 with m: m is empty
14485 DEBUG  Pnode::computeUtility1 targetCapacity_T  = 100.0
14485 DEBUG  Pnode::computeUtility1 with m: utility = 0.8998999999999999
14485 DEBUG  NodeBiddingImpl::computeEta: temp_Uij: 0.8998999999999999
14485 INFO   NodeBiddingImpl::computeEta: pnode1 eta: 0 for sliceID: 3185057
14486 INFO   NodeBiddingImpl::computeEta: pnode1 Uij: 0.8998999999999999 for sliceID: 3185057
14486 DEBUG  NodeBiddingImpl::computeEta: END ====================
14486 DEBUG  NodeBiddingImpl::nodeBidding: AFTER BIDDING eta : 0
14486 DEBUG  NodeBiddingImpl::nodeBidding: AFTER BIDDING Uij : 0.8998999999999999
14486 DEBUG  NodeBiddingImpl::nodeBidding: newRequestedVnodeCapacity = 10
14486 DEBUG  NodeBiddingImpl::nodeBidding: get_nodeCapacity()= 0.01
14486 DEBUG  NodeBiddingImpl::nodeBidding: get_nodeStressBeforeThisSliceRequest() = 10.01
14486 DEBUG  NodeBiddingImpl::nodeBidding: m AFTER compute eta: [0]
14487 DEBUG  NodeBiddingImpl::nodeBidding: _mMap AFTER compute eta: {3185057=[0]}
14487 DEBUG  NodeBiddingImpl::nodeBidding: b AFTER compute eta: [0.8998999999999999, 0.0]
14487 DEBUG  NodeBiddingImpl::nodeBidding: _bidVectorMap AFTER compute eta: {3185057=[0.8998999999999999, 0.0]}
14487 DEBUG  NodeBiddingImpl::nodeBidding: a AFTER compute eta: {0=pnode1}
14487 DEBUG  NodeBiddingImpl::nodeBidding: _allocationVectorMap AFTER compute eta: {3185057={0=pnode1}}
14487 DEBUG  NodeBiddingImpl::biddingIsNeeded: _bidVectorMap.get(sliceID).size(): 2
14487 DEBUG  NodeBiddingImpl::biddingIsNeeded: get_allocationPolicy(): sad
14488 DEBUG  NodeBiddingImpl::biddingIsNeeded: sliceRequested.getVirtualnodeList().size(): 2
14488 DEBUG  NodeBiddingImpl::biddingIsNeeded: _bidVectorMap.get(sliceID).size(): 2
14488 DEBUG  NodeBiddingImpl::biddingIsNeeded: currentBids: 1
14488 DEBUG  NodeBiddingImpl::biddingIsNeeded: sliceRequested.getVirtualnodeList().size(): 2
14488 DEBUG  NodeBiddingImpl::biddingIsNeeded: vnode: vNodeId: 2
vNodeCapacity: 10
tempCapacity: 10
14488 DEBUG  NodeBiddingImpl::biddingIsNeeded: get_nodeStressBeforeThisSliceRequest(): 10.01
14488 DEBUG  NodeBiddingImpl::biddingIsNeeded: get_targetNodeCapacity: 100.0
14489 DEBUG  NodeBiddingImpl::nodeBidding: bidisNeeded AFTER: true
14489 DEBUG  NodeBiddingImpl::nodeBidding: m BEFORE overbidAttempt: [0]
14489 DEBUG  NodeBiddingImpl::overbidAttempt: START ======================
14489 DEBUG  PnodeUtil::computeUtility: this.utility: residual_node_capacity
14489 DEBUG  Pnode::computeUtility1: currentCapacity_S :10.01
14489 DEBUG  Pnode::computeUtility1: vnodeCapacity :10.0
14489 DEBUG  Pnode::computeUtility1: utility = (T - currentCapacity_S)/T  = 0.4997501249375312
14489 DEBUG  NodeBiddingImpl::overbidAttempt: trying to bid on vnode with id: 0
14490 DEBUG  NodeBiddingImpl::overbidAttempt: b_ij: 0.8998999999999999
14490 DEBUG  hij: 0.4997501249375312
14490 DEBUG  PnodeUtil::computeUtility: this.utility: residual_node_capacity
14490 DEBUG  Pnode::computeUtility1: currentCapacity_S :10.01
14490 DEBUG  Pnode::computeUtility1: vnodeCapacity :10.0
14490 DEBUG  Pnode::computeUtility1: utility = (T - currentCapacity_S)/T  = 0.4997501249375312
14490 DEBUG  NodeBiddingImpl::overbidAttempt: trying to bid on vnode with id: 1
14490 DEBUG  NodeBiddingImpl::overbidAttempt: b_ij: 0.0
14490 DEBUG  hij: 0.4997501249375312
14491 DEBUG  NodeBiddingImpl::overbidAttempt END: bid is possible ======================
14491 DEBUG  NodeBiddingImpl::nodeBidding: existsJ AFTER overbidAttempt : true
14491 DEBUG  NodeBiddingImpl::nodeBidding: BEFORE BIDDING eta : -1
14491 DEBUG  NodeBiddingImpl::nodeBidding: BEFORE BIDDING Uij : 4.9E-324
14491 DEBUG  NodeBiddingImpl::computeEta: START ====================
14491 DEBUG  NodeBiddingImpl::computeEta: m: [0]
14491 DEBUG  NodeBiddingImpl::computeEta: m.size: 1
14491 DEBUG  NodeBiddingImpl::computeEta: b: [0.8998999999999999, 0.0]
14492 DEBUG  NodeBiddingImpl::computeEta: b.size: 2
14492 DEBUG  NodeBiddingImpl::computeEta: vnodeInBundle: 0
14492 DEBUG  NodeBiddingImpl::computeEta: vNodesToExclude: [0]
14492 DEBUG  NodeBiddingImpl::computeEta: FINAL vNodesToExclude: [0]
14492 DEBUG  Pnode::computeUtility1 with m: m = [0]
14492 DEBUG  Pnode::computeUtility1 targetCapacity_T  = 100.0
14492 DEBUG  Pnode::computeUtility1 vnodeInBundle  = 0
14492 DEBUG  Pnode::computeUtility1 tempCapacity  = 10
14493 DEBUG  Pnode::computeUtility1 currentCapacity  = 10.0
14493 DEBUG  Pnode::computeUtility1 with m: utility = 0.6999000000000001
14493 DEBUG  NodeBiddingImpl::computeEta: temp_Uij: 0.6999000000000001
14493 INFO   NodeBiddingImpl::computeEta: pnode1 eta: 1 for sliceID: 3185057
14493 INFO   NodeBiddingImpl::computeEta: pnode1 Uij: 0.6999000000000001 for sliceID: 3185057
14493 DEBUG  NodeBiddingImpl::computeEta: END ====================
14493 DEBUG  NodeBiddingImpl::nodeBidding: AFTER BIDDING eta : 1
14493 DEBUG  NodeBiddingImpl::nodeBidding: AFTER BIDDING Uij : 0.6999000000000001
14494 DEBUG  NodeBiddingImpl::nodeBidding: newRequestedVnodeCapacity = 10
14494 DEBUG  NodeBiddingImpl::nodeBidding: get_nodeCapacity()= 0.01
14494 DEBUG  NodeBiddingImpl::nodeBidding: get_nodeStressBeforeThisSliceRequest() = 10.01
14494 DEBUG  NodeBiddingImpl::nodeBidding: m AFTER compute eta: [0, 1]
14494 DEBUG  NodeBiddingImpl::nodeBidding: _mMap AFTER compute eta: {3185057=[0, 1]}
14494 DEBUG  NodeBiddingImpl::nodeBidding: b AFTER compute eta: [0.8998999999999999, 0.6999000000000001]
14494 DEBUG  NodeBiddingImpl::nodeBidding: _bidVectorMap AFTER compute eta: {3185057=[0.8998999999999999, 0.6999000000000001]}
14495 DEBUG  NodeBiddingImpl::nodeBidding: a AFTER compute eta: {0=pnode1, 1=pnode1}
14495 DEBUG  NodeBiddingImpl::nodeBidding: _allocationVectorMap AFTER compute eta: {3185057={0=pnode1, 1=pnode1}}
14495 DEBUG  NodeBiddingImpl::biddingIsNeeded: _bidVectorMap.get(sliceID).size(): 2
14495 DEBUG  NodeBiddingImpl::biddingIsNeeded: get_allocationPolicy(): sad
14495 DEBUG  NodeBiddingImpl::biddingIsNeeded: sliceRequested.getVirtualnodeList().size(): 2
14495 DEBUG  NodeBiddingImpl::biddingIsNeeded: _bidVectorMap.get(sliceID).size(): 2
14495 DEBUG  NodeBiddingImpl::biddingIsNeeded: currentBids: 2
14495 DEBUG  NodeBiddingImpl::biddingIsNeeded: sliceRequested.getVirtualnodeList().size(): 2
14496 DEBUG  NodeBiddingImpl::nodeBidding: bidisNeeded AFTER: false
14496 DEBUG  NodeBiddingImpl::nodeBidding: bidisNeeded = false
14496 DEBUG  NodeBiddingImpl::nodeBidding: get_allocationPolicy: sad
14496 DEBUG  NodeBiddingImpl::nodeBidding: _allocationVectorMap: {3185057={0=pnode1, 1=pnode1}}
14496 DEBUG  NodeBiddingImpl::nodeBidding: _bidVectorMap: {3185057=[0.8998999999999999, 0.6999000000000001]}
14496 DEBUG  NodeBiddingImpl::nodeBidding: _mMap: {3185057=[0, 1]}
14516 DEBUG  ================================================
14516 DEBUG  ================================================
14516 DEBUG  Pnode::handleSliceRequest: this.getAppName()pnode1
14516 DEBUG  Pnode::handleSliceRequest: neighborList BEFORE removing itself: [InPManagerIPC, pnode1, pnode3, sp]
14516 DEBUG  Pnode::handleSliceRequest: neighborList AFTER removing itself: [InPManagerIPC, pnode3, sp]
14516 DEBUG  Pnode::handleSliceRequest: sending first BID to neighborList: [InPManagerIPC, pnode3, sp]
14516 DEBUG  Pnode::sendFirstBIDMessage: neighborList BEFORE: [InPManagerIPC, pnode3, sp]
14516 DEBUG  Pnode::sendFirstBIDMessage: getMySP() BEFORE: sp
14517 DEBUG  Pnode::sendFirstBIDMessage: dstName = InPManagerIPC
14517 DEBUG  Pnode::sendFirstBIDMessage: not sending anything to: InPManagerIPC
14517 DEBUG  Pnode::sendFirstBIDMessage: dstName = pnode3
14518 DEBUG  FlowAllocatorImpl::resolveUpperDIFIPC: CDAP M_READ sent, appName is pnode3, NMS name is InPManagerIPC
14519 INFO   IPCProcess(pnode1): cdapMessage received, and opcode is M_READ_R and src is InPManagerIPC and objclass is resolveApp, objName is pnode3
14520 INFO   IRM: allocate flow using the existing underlying DIF with ipc is pnode1
14520 INFO   Flow Allocator(pnode1): for app pnode3underlyingDstIPCName is pnode3 wellknownPort is 2717
14520 INFO   Flow Allocator: portID is 291
14520 INFO   IPC Process : M_READ_R(OK) received from  NMS. App   pnode3 is resloved to IPC pnode3 and well know port is  2717
14521 DEBUG  DTP message sent on first level flow ----
14521 INFO   Flow Allocator: M_CREATE(flow) msg sent to  pnode3
14526 INFO   Flow Allocator: flow allocated successful  between srcIPC pnode1(portID:291) and dstIPC pnode3(portID:9630)
14527 DEBUG  Pnode::sendFirstBIDMessage: handle for flow with pnode3 is :8909
14527 DEBUG  Pnode::sendFirstBIDMessage: handle for flow to destination pnode3 is :8909
14527 DEBUG  Msg was sent out by IRM to destName: pnode3
14527 DEBUG  $$$$$$$$$$$$$$$$$$$$$$$$$$$$$$$$$$$$$$$$$$$$$$$$$$$$$$$$$$$$$$$$
14527 DEBUG  Pnode::sendFirstBIDMessage: CDAP message with BID and Slice payload sent to pnode3
14528 DEBUG  Pnode::sendFirstBIDMessage: dstName = sp
14528 DEBUG  Pnode::sendFirstBIDMessage: not sending anything to: sp
14691 INFO   Application Process(pnode1): cdapMessage received, 
 opcode is M_WRITE
 src is pnode3
 objclass is bid
 objName is bid
14692 INFO   ======= Pnode::handleAppCDAPmessage pnode1 ObjClass: bid
14692 INFO   ======= Pnode::handleAppCDAPmessage pnode1 ObjName:  bid
14692 INFO   ======= Pnode::handleAppCDAPmessage pnode1 SrcAEName: pnode3
14692 DEBUG  Pnode::handleBidMessage: cdapMessage.getSrcAEName() = k: pnode3
14692 DEBUG  Pnode::handleBidMessage: cdapMessage.getDestAEName() = i: pnode1
14692 DEBUG  Pnode::handleBidMessage:BEFORE AGREEMENT _currentBiddingData  vinea.util.BiddingData@6542bece
14693 DEBUG  Pnode::handleBidMessage:BEFORE AGREEMENT _currentBiddingData.get_allocationVectorMap() {3185057={0=pnode1, 1=pnode1}}
14693 DEBUG  NodeAgreement::nodeAgreement: received_sliceID: 3185057
14693 DEBUG  NodeAgreement::nodeAgreement: received_allocationPolicy: sad
14713 DEBUG  NodeAgreement::nodeAgreement: received_bidTime: [vNodeId: 0
time: 1376404323975
, vNodeId: 1
time: 1376404323975
]
14714 DEBUG  NodeAgreement::nodeAgreement: received_assignment: [vNodeId: 0
hostingPnodeName: "pnode1"
, vNodeId: 1
hostingPnodeName: "pnode1"
]
14714 DEBUG  NodeAgreement::extract_ak: assignmentsList : [vNodeId: 0
hostingPnodeName: "pnode1"
, vNodeId: 1
hostingPnodeName: "pnode1"
]
14714 DEBUG  NodeAgreement::extract_ak: aIter : java.util.Collections$UnmodifiableCollection$1@388ee016
14715 DEBUG  NodeAgreement::extract_ak: a_k : {0=pnode1, 1=pnode1}
14715 DEBUG  NodeAgreement::nodeAgreement: a_k : {0=pnode1, 1=pnode1}
14715 DEBUG  NodeAgreement::nodeAgreement: _currentBiddingData : vinea.util.BiddingData@6542bece
14715 DEBUG  NodeAgreement::nodeAgreement: get_allocationVectorMap() : {3185057={0=pnode1, 1=pnode1}}
14715 DEBUG  NodeAgreement::nodeAgreement: a_i : {0=pnode1, 1=pnode1}
14716 DEBUG  NodeAgreement::nodeAgreement:: received_bids: [vNodeId: 0
bidValue: 0.8998999999999999
, vNodeId: 1
bidValue: 0.6999000000000001
]
14716 DEBUG  NodeAgreement::extract_bk: received_bids : [vNodeId: 0
bidValue: 0.8998999999999999
, vNodeId: 1
bidValue: 0.6999000000000001
]
14716 DEBUG  NodeAgreement::extract_bk: b_k : [0.8998999999999999, 0.6999000000000001]
14717 DEBUG  NodeAgreement::nodeAgreement: receiver b_k : [0.8998999999999999, 0.6999000000000001]
14717 DEBUG  NodeAgreement::nodeAgreement:: receiver b_i : [0.8998999999999999, 0.6999000000000001]
14717 DEBUG  NodeAgreement::extract_tk: received_timeStamps : [vNodeId: 0
time: 1376404323975
, vNodeId: 1
time: 1376404323975
]
14717 DEBUG  NodeAgreement::extract_tk: t_k : {0=1376404323975, 1=1376404323975}
14717 DEBUG  NodeAgreement::nodeAgreement:: sender t_k : {0=1376404323975, 1=1376404323975}
14718 DEBUG  NodeAgreement::nodeAgreement:: sender t_i : {}
14718 DEBUG  NodeAgreement::nodeAgreement: received_m: []
14718 DEBUG  NodeAgreement::nodeAgreement: b_k.size(): 2
14718 DEBUG  NodeAgreement::nodeAgreement: for loop: j: 0
14718 DEBUG  NodeAgreement::nodeAgreement: a_kj : pnode1
14718 DEBUG  NodeAgreement::nodeAgreement: a_ij : pnode1
14718 DEBUG  NodeAgreement::nodeAgreement: b_kj : 0.8998999999999999
14718 DEBUG  NodeAgreement::nodeAgreement: b_k : [0.8998999999999999, 0.6999000000000001]
14718 DEBUG  NodeAgreement::nodeAgreement: b_ij : 0.8998999999999999
14718 DEBUG  NodeAgreement::nodeAgreement: b_i : [0.8998999999999999, 0.6999000000000001]
14720 DEBUG  NodeAgreement::nodeAgreement: t_kj  : 1376404323975
14720 DEBUG  NodeAgreement::nodeAgreement: t_k  : {0=1376404323975, 1=1376404323975}
14720 DEBUG  NodeAgreement::nodeAgreement: t_ij : -9223372036854775808
14720 DEBUG  NodeAgreement::nodeAgreement: t_i : {}
14720 DEBUG  NodeAgreement::nodeAgreement: for loop: j: 1
14720 DEBUG  NodeAgreement::nodeAgreement: a_kj : pnode1
14720 DEBUG  NodeAgreement::nodeAgreement: a_ij : pnode1
14721 DEBUG  NodeAgreement::nodeAgreement: b_kj : 0.6999000000000001
14721 DEBUG  NodeAgreement::nodeAgreement: b_k : [0.8998999999999999, 0.6999000000000001]
14721 DEBUG  NodeAgreement::nodeAgreement: b_ij : 0.6999000000000001
14721 DEBUG  NodeAgreement::nodeAgreement: b_i : [0.8998999999999999, 0.6999000000000001]
14721 DEBUG  NodeAgreement::nodeAgreement: t_kj  : 1376404323975
14721 DEBUG  NodeAgreement::nodeAgreement: t_k  : {0=1376404323975, 1=1376404323975}
14721 DEBUG  NodeAgreement::nodeAgreement: t_ij : -9223372036854775808
14721 DEBUG  NodeAgreement::nodeAgreement: t_i : {}
14721 DEBUG  Pnode::handleBidMessage: a_i: {0=pnode1, 1=pnode1}
14721 DEBUG  Pnode::handleBidMessage: a_k: {0=pnode1, 1=pnode1}
14721 DEBUG  Pnode::handleBidMessage: a_k for vnodeID: 0 is pnode1
14722 DEBUG  Pnode::handleBidMessage: a_i for vnodeID: 0 is pnode1
14722 DEBUG  Pnode::handleBidMessage: agreementReached true
14722 DEBUG  Pnode::handleBidMessage: a_k for vnodeID: 1 is pnode1
14722 DEBUG  Pnode::handleBidMessage: a_i for vnodeID: 1 is pnode1
14722 DEBUG  Pnode::handleBidMessage: agreementReached true
14722 INFO   ============================================================================================
14722 INFO   ============================================================================================
14722 INFO   CADsys: Pnode: pnode1 has REACHED AGREEMENT SO FAR ON VIRTUAL NETWORK ID: 3185057
14722 INFO   ============================================================================================
14722 INFO   ============================================================================================
14722 DEBUG  Pnode::handleBidMessage: sending response to SP
14722 DEBUG  Pnode::sendResponseToSP: type: 1
14722 DEBUG  Pnode::sendResponseToSP: sliceID: 3185057
14722 DEBUG  Pnode::sendResponseToSP: get_allocationPolicy(): sad
14723 DEBUG  Pnode::sendResponseToSP: _allocationVectorMap.get(sliceID): {0=pnode1, 1=pnode1}
14723 DEBUG  Pnode::sendResponseToSP: this._bidVectorMap.get(sliceID): [0.8998999999999999, 0.6999000000000001]
14723 DEBUG  Pnode::sendResponseToSP: preparing message for SP: sp
14723 DEBUG  Pnode::sendResponseToSP: handle for flow with sp is :2178
14723 DEBUG  Pnode::sendResponseToSP: getHandle for flow with sp is :2178
14723 DEBUG  Pnode::sendResponseToSP: handle for flow with sp is :2178
14723 DEBUG  Pnode::sendResponseToSP: sent to: sp
14724 DEBUG  Msg was sent out by IRM to destName: sp
14724 DEBUG  $$$$$$$$$$$$$$$$$$$$$$$$$$$$$$$$$$$$$$$$$$$$$$$$$$$$$$$$$$$$$$$$
14724 DEBUG  Pnode::sendResponseToSP: CDAP message with POSITIVE RESPONSE sent to sp
14806 INFO   Application Process(pnode1): cdapMessage received, 
 opcode is M_CREATE
 src is sp
 objclass is flow
 objName is sp
14806 INFO   IRM: CDAP opcode is  M_CREATE
14806 INFO   IRM: objectClass is flow
14806 INFO   IRM: objectName is sp
14806 INFO   IRM: M_CREATE received
14807 INFO   IRM(pnode1): M_CREATE(flow) received
14807 DEBUG  FlowAllocatorImpl::resolveUpperDIFIPC: CDAP M_READ sent, appName is sp, NMS name is InPManagerIPC
14808 INFO   Flow Allocator:M_CREATE_R(flow accepted) sent back,  flow accepted successful between srcIPC pnode1(portID:2162) and dstIPC sp(portID:6453)
14808 INFO   IRM: incoming flow created with handlID 8726,underlyingIPC ispnode1, portID is 2162
14817 INFO   IPCProcess(pnode1): cdapMessage received, and opcode is M_READ_R and src is InPManagerIPC and objclass is resolveApp, objName is sp
14817 INFO   Application Process(pnode1): cdapMessage received, 
 opcode is M_CREATE
 src is sp
 objclass is slice
 objName is slice1
14817 INFO   IPC Process : M_READ_R(OK) received from  NMS. App   sp is resloved to IPC sp and well know port is  9430
14818 INFO   ======= Pnode::handleAppCDAPmessage pnode1 ObjClass: slice
14818 INFO   ======= Pnode::handleAppCDAPmessage pnode1 ObjName:  slice1
14818 INFO   ======= Pnode::handleAppCDAPmessage pnode1 SrcAEName: sp
14819 WARN   Pnode::handleSliceRequest: slice: 3185057already embedded
14820 INFO   Iteration t = 2 for slice: 3185057
14820 INFO   CADlog: pNode pnode1 BIDDING PHASE started  
 for sliceName: sliceName_linearSlice 
 slice topology: LINEAR 
 slice id: 3185057
14820 DEBUG  requested vNodeList : [vNodeId: 3
vNodeCapacity: 10
]
14820 DEBUG  NodeBiddingImpl::nodeBidding: bidisNeeded BEFORE (should be true): true
14820 DEBUG  NodeBiddingImpl::nodeBidding:sliceRequested.getVirtualnodeCount(): 1
14820 DEBUG  NodeBiddingImpl::biddingIsNeeded: _bidVectorMap.get(sliceID).size(): 1
14820 DEBUG  NodeBiddingImpl::biddingIsNeeded: get_allocationPolicy(): sad
14820 DEBUG  NodeBiddingImpl::biddingIsNeeded: sliceRequested.getVirtualnodeList().size(): 1
14821 DEBUG  NodeBiddingImpl::biddingIsNeeded: _bidVectorMap.get(sliceID).size(): 1
14821 DEBUG  NodeBiddingImpl::biddingIsNeeded: currentBids: 0
14821 DEBUG  NodeBiddingImpl::biddingIsNeeded: sliceRequested.getVirtualnodeList().size(): 1
14821 DEBUG  NodeBiddingImpl::biddingIsNeeded: vnode: vNodeId: 3
vNodeCapacity: 10
tempCapacity: 10
14821 DEBUG  NodeBiddingImpl::biddingIsNeeded: get_nodeStressBeforeThisSliceRequest(): 0.01
14821 DEBUG  NodeBiddingImpl::biddingIsNeeded: get_targetNodeCapacity: 100.0
14821 DEBUG  NodeBiddingImpl::nodeBidding: bidisNeeded AFTER: true
14821 DEBUG  NodeBiddingImpl::nodeBidding: m BEFORE overbidAttempt: []
14821 DEBUG  NodeBiddingImpl::overbidAttempt: START ======================
14822 DEBUG  PnodeUtil::computeUtility: this.utility: residual_node_capacity
14822 DEBUG  Pnode::computeUtility1: currentCapacity_S :0.01
14822 DEBUG  Pnode::computeUtility1: vnodeCapacity :10.0
14822 DEBUG  Pnode::computeUtility1: utility = (T - currentCapacity_S)/T  = 0.999000999000999
14822 DEBUG  NodeBiddingImpl::overbidAttempt: trying to bid on vnode with id: 0
14822 DEBUG  NodeBiddingImpl::overbidAttempt: b_ij: 0.0
14822 DEBUG  hij: 0.999000999000999
14822 DEBUG  NodeBiddingImpl::overbidAttempt END: bid is possible ======================
14822 DEBUG  NodeBiddingImpl::nodeBidding: existsJ AFTER overbidAttempt : true
14823 DEBUG  NodeBiddingImpl::nodeBidding: BEFORE BIDDING eta : -1
14823 DEBUG  NodeBiddingImpl::nodeBidding: BEFORE BIDDING Uij : 4.9E-324
14823 DEBUG  NodeBiddingImpl::computeEta: START ====================
14823 DEBUG  NodeBiddingImpl::computeEta: m: []
14823 DEBUG  NodeBiddingImpl::computeEta: m.size: 0
14823 DEBUG  NodeBiddingImpl::computeEta: b: [0.0]
14823 DEBUG  NodeBiddingImpl::computeEta: b.size: 1
14823 DEBUG  NodeBiddingImpl::computeEta: FINAL vNodesToExclude: []
14823 DEBUG  Pnode::computeUtility1 with m: m is empty
14823 DEBUG  Pnode::computeUtility1 targetCapacity_T  = 100.0
14824 DEBUG  Pnode::computeUtility1 with m: utility = 0.8998999999999999
14824 DEBUG  NodeBiddingImpl::computeEta: temp_Uij: 0.8998999999999999
14824 INFO   NodeBiddingImpl::computeEta: pnode1 eta: 0 for sliceID: 3185057
14824 INFO   NodeBiddingImpl::computeEta: pnode1 Uij: 0.8998999999999999 for sliceID: 3185057
14824 DEBUG  NodeBiddingImpl::computeEta: END ====================
14824 DEBUG  NodeBiddingImpl::nodeBidding: AFTER BIDDING eta : 0
14824 DEBUG  NodeBiddingImpl::nodeBidding: AFTER BIDDING Uij : 0.8998999999999999
14824 DEBUG  NodeBiddingImpl::nodeBidding: newRequestedVnodeCapacity = 10
14824 DEBUG  NodeBiddingImpl::nodeBidding: get_nodeCapacity()= 0.01
14825 DEBUG  NodeBiddingImpl::nodeBidding: get_nodeStressBeforeThisSliceRequest() = 10.01
14825 DEBUG  NodeBiddingImpl::nodeBidding: m AFTER compute eta: [0]
14825 DEBUG  NodeBiddingImpl::nodeBidding: _mMap AFTER compute eta: {3185057=[0]}
14825 DEBUG  NodeBiddingImpl::nodeBidding: b AFTER compute eta: [0.8998999999999999]
14825 DEBUG  NodeBiddingImpl::nodeBidding: _bidVectorMap AFTER compute eta: {3185057=[0.8998999999999999]}
14825 DEBUG  NodeBiddingImpl::nodeBidding: a AFTER compute eta: {0=pnode1}
14825 DEBUG  NodeBiddingImpl::nodeBidding: _allocationVectorMap AFTER compute eta: {3185057={0=pnode1}}
14825 DEBUG  NodeBiddingImpl::biddingIsNeeded: _bidVectorMap.get(sliceID).size(): 1
14826 DEBUG  NodeBiddingImpl::biddingIsNeeded: get_allocationPolicy(): sad
14826 DEBUG  NodeBiddingImpl::biddingIsNeeded: sliceRequested.getVirtualnodeList().size(): 1
14826 DEBUG  NodeBiddingImpl::biddingIsNeeded: _bidVectorMap.get(sliceID).size(): 1
14826 DEBUG  NodeBiddingImpl::biddingIsNeeded: currentBids: 1
14826 DEBUG  NodeBiddingImpl::biddingIsNeeded: sliceRequested.getVirtualnodeList().size(): 1
14826 DEBUG  NodeBiddingImpl::nodeBidding: bidisNeeded AFTER: false
14826 DEBUG  NodeBiddingImpl::nodeBidding: bidisNeeded = false
14826 DEBUG  NodeBiddingImpl::nodeBidding: get_allocationPolicy: sad
14826 DEBUG  NodeBiddingImpl::nodeBidding: _allocationVectorMap: {3185057={0=pnode1}}
14826 DEBUG  NodeBiddingImpl::nodeBidding: _bidVectorMap: {3185057=[0.8998999999999999]}
14827 DEBUG  NodeBiddingImpl::nodeBidding: _mMap: {3185057=[0]}
14827 DEBUG  ================================================
14827 DEBUG  ================================================
14827 DEBUG  Pnode::handleSliceRequest: this.getAppName()pnode1
14827 DEBUG  Pnode::handleSliceRequest: neighborList BEFORE removing itself: [InPManagerIPC, pnode3, sp]
14827 DEBUG  Pnode::handleSliceRequest: neighborList AFTER removing itself: [InPManagerIPC, pnode3, sp]
14827 DEBUG  Pnode::handleSliceRequest: sending first BID to neighborList: [InPManagerIPC, pnode3, sp]
14827 DEBUG  Pnode::sendFirstBIDMessage: neighborList BEFORE: [InPManagerIPC, pnode3, sp]
14828 DEBUG  Pnode::sendFirstBIDMessage: getMySP() BEFORE: sp
14828 DEBUG  Pnode::sendFirstBIDMessage: dstName = InPManagerIPC
14828 DEBUG  Pnode::sendFirstBIDMessage: not sending anything to: InPManagerIPC
14828 DEBUG  Pnode::sendFirstBIDMessage: dstName = pnode3
14829 DEBUG  FlowAllocatorImpl::resolveUpperDIFIPC: CDAP M_READ sent, appName is pnode3, NMS name is InPManagerIPC
14829 INFO   IRM: allocate flow using the existing underlying DIF with ipc is pnode1
14829 INFO   Flow Allocator(pnode1): for app pnode3underlyingDstIPCName is pnode3 wellknownPort is 2717
14829 INFO   Flow Allocator: portID is 5678
14830 DEBUG  DTP message sent on first level flow ----
14830 INFO   Flow Allocator: M_CREATE(flow) msg sent to  pnode3
14853 INFO   IPCProcess(pnode1): cdapMessage received, and opcode is M_READ_R and src is InPManagerIPC and objclass is resolveApp, objName is pnode3
14853 INFO   IPC Process : M_READ_R(OK) received from  NMS. App   pnode3 is resloved to IPC pnode3 and well know port is  2717
14853 INFO   Flow Allocator: flow allocated successful  between srcIPC pnode1(portID:5678) and dstIPC pnode3(portID:2066)
14855 DEBUG  Pnode::sendFirstBIDMessage: handle for flow with pnode3 is :8864
14855 DEBUG  Pnode::sendFirstBIDMessage: handle for flow to destination pnode3 is :8909
14856 DEBUG  Msg was sent out by IRM to destName: pnode3
14856 DEBUG  $$$$$$$$$$$$$$$$$$$$$$$$$$$$$$$$$$$$$$$$$$$$$$$$$$$$$$$$$$$$$$$$
14856 DEBUG  Pnode::sendFirstBIDMessage: CDAP message with BID and Slice payload sent to pnode3
14856 DEBUG  Pnode::sendFirstBIDMessage: dstName = sp
14856 DEBUG  Pnode::sendFirstBIDMessage: not sending anything to: sp
14881 INFO   Application Process(pnode1): cdapMessage received, 
 opcode is M_WRITE
 src is pnode3
 objclass is bid
 objName is bid
14881 INFO   ======= Pnode::handleAppCDAPmessage pnode1 ObjClass: bid
14882 INFO   ======= Pnode::handleAppCDAPmessage pnode1 ObjName:  bid
14882 INFO   ======= Pnode::handleAppCDAPmessage pnode1 SrcAEName: pnode3
14882 DEBUG  Pnode::handleBidMessage: cdapMessage.getSrcAEName() = k: pnode3
14882 DEBUG  Pnode::handleBidMessage: cdapMessage.getDestAEName() = i: pnode1
14882 DEBUG  Pnode::handleBidMessage:BEFORE AGREEMENT _currentBiddingData  vinea.util.BiddingData@4f8235ed
14882 DEBUG  Pnode::handleBidMessage:BEFORE AGREEMENT _currentBiddingData.get_allocationVectorMap() {3185057={0=pnode1}}
14883 DEBUG  NodeAgreement::nodeAgreement: received_sliceID: 3185057
14883 DEBUG  NodeAgreement::nodeAgreement: received_allocationPolicy: sad
14883 DEBUG  NodeAgreement::nodeAgreement: received_bidTime: [vNodeId: 0
time: 1376404324287
]
14883 DEBUG  NodeAgreement::nodeAgreement: received_assignment: [vNodeId: 0
hostingPnodeName: "pnode1"
]
14883 DEBUG  NodeAgreement::extract_ak: assignmentsList : [vNodeId: 0
hostingPnodeName: "pnode1"
]
14883 DEBUG  NodeAgreement::extract_ak: aIter : java.util.Collections$UnmodifiableCollection$1@6da28362
14884 DEBUG  NodeAgreement::extract_ak: a_k : {0=pnode1}
14884 DEBUG  NodeAgreement::nodeAgreement: a_k : {0=pnode1}
14884 DEBUG  NodeAgreement::nodeAgreement: _currentBiddingData : vinea.util.BiddingData@4f8235ed
14884 DEBUG  NodeAgreement::nodeAgreement: get_allocationVectorMap() : {3185057={0=pnode1}}
14884 DEBUG  NodeAgreement::nodeAgreement: a_i : {0=pnode1}
14884 DEBUG  NodeAgreement::nodeAgreement:: received_bids: [vNodeId: 0
bidValue: 0.8998999999999999
]
14885 DEBUG  NodeAgreement::extract_bk: received_bids : [vNodeId: 0
bidValue: 0.8998999999999999
]
14885 DEBUG  NodeAgreement::extract_bk: b_k : [0.8998999999999999]
14885 DEBUG  NodeAgreement::nodeAgreement: receiver b_k : [0.8998999999999999]
14885 DEBUG  NodeAgreement::nodeAgreement:: receiver b_i : [0.8998999999999999]
14885 DEBUG  NodeAgreement::extract_tk: received_timeStamps : [vNodeId: 0
time: 1376404324287
]
14885 DEBUG  NodeAgreement::extract_tk: t_k : {0=1376404324287}
14885 DEBUG  NodeAgreement::nodeAgreement:: sender t_k : {0=1376404324287}
14886 DEBUG  NodeAgreement::nodeAgreement:: sender t_i : {}
14886 DEBUG  NodeAgreement::nodeAgreement: received_m: []
14886 DEBUG  NodeAgreement::nodeAgreement: b_k.size(): 1
14886 DEBUG  NodeAgreement::nodeAgreement: for loop: j: 0
14886 DEBUG  NodeAgreement::nodeAgreement: a_kj : pnode1
14886 DEBUG  NodeAgreement::nodeAgreement: a_ij : pnode1
14886 DEBUG  NodeAgreement::nodeAgreement: b_kj : 0.8998999999999999
14886 DEBUG  NodeAgreement::nodeAgreement: b_k : [0.8998999999999999]
14886 DEBUG  NodeAgreement::nodeAgreement: b_ij : 0.8998999999999999
14887 DEBUG  NodeAgreement::nodeAgreement: b_i : [0.8998999999999999]
14887 DEBUG  NodeAgreement::nodeAgreement: t_kj  : 1376404324287
14887 DEBUG  NodeAgreement::nodeAgreement: t_k  : {0=1376404324287}
14887 DEBUG  NodeAgreement::nodeAgreement: t_ij : -9223372036854775808
14887 DEBUG  NodeAgreement::nodeAgreement: t_i : {}
14887 DEBUG  Pnode::handleBidMessage: a_i: {0=pnode1}
14890 DEBUG  Pnode::handleBidMessage: a_k: {0=pnode1}
14890 DEBUG  Pnode::handleBidMessage: a_k for vnodeID: 0 is pnode1
14890 DEBUG  Pnode::handleBidMessage: a_i for vnodeID: 0 is pnode1
14890 DEBUG  Pnode::handleBidMessage: agreementReached true
14890 INFO   ============================================================================================
14890 INFO   ============================================================================================
14890 INFO   CADsys: Pnode: pnode1 has REACHED AGREEMENT SO FAR ON VIRTUAL NETWORK ID: 3185057
14891 INFO   ============================================================================================
14891 INFO   ============================================================================================
14891 DEBUG  Pnode::handleBidMessage: sending response to SP
14891 DEBUG  Pnode::sendResponseToSP: type: 1
14891 DEBUG  Pnode::sendResponseToSP: sliceID: 3185057
14891 DEBUG  Pnode::sendResponseToSP: get_allocationPolicy(): sad
14891 DEBUG  Pnode::sendResponseToSP: _allocationVectorMap.get(sliceID): {0=pnode1}
14891 DEBUG  Pnode::sendResponseToSP: this._bidVectorMap.get(sliceID): [0.8998999999999999]
14892 DEBUG  Pnode::sendResponseToSP: preparing message for SP: sp
14892 DEBUG  Pnode::sendResponseToSP: handle for flow with sp is :2178
14892 DEBUG  Pnode::sendResponseToSP: getHandle for flow with sp is :2178
14892 DEBUG  Pnode::sendResponseToSP: handle for flow with sp is :2178
14892 DEBUG  Pnode::sendResponseToSP: sent to: sp
14893 DEBUG  Msg was sent out by IRM to destName: sp
14893 DEBUG  $$$$$$$$$$$$$$$$$$$$$$$$$$$$$$$$$$$$$$$$$$$$$$$$$$$$$$$$$$$$$$$$
14893 DEBUG  Pnode::sendResponseToSP: CDAP message with POSITIVE RESPONSE sent to sp
14909 INFO   Application Process(pnode1): cdapMessage received, 
 opcode is M_CREATE
 src is sp
 objclass is flow
 objName is sp
14909 INFO   IRM: CDAP opcode is  M_CREATE
14909 INFO   IRM: objectClass is flow
14909 INFO   IRM: objectName is sp
14909 INFO   IRM: M_CREATE received
14909 INFO   IRM(pnode1): M_CREATE(flow) received
14910 DEBUG  FlowAllocatorImpl::resolveUpperDIFIPC: CDAP M_READ sent, appName is sp, NMS name is InPManagerIPC
14911 INFO   Flow Allocator:M_CREATE_R(flow accepted) sent back,  flow accepted successful between srcIPC pnode1(portID:1920) and dstIPC sp(portID:6478)
14911 INFO   IRM: incoming flow created with handlID 6027,underlyingIPC ispnode1, portID is 1920
14912 INFO   IPCProcess(pnode1): cdapMessage received, and opcode is M_READ_R and src is InPManagerIPC and objclass is resolveApp, objName is sp
14912 INFO   IPC Process : M_READ_R(OK) received from  NMS. App   sp is resloved to IPC sp and well know port is  9430
14913 INFO   Application Process(pnode1): cdapMessage received, 
 opcode is M_CREATE
 src is sp
 objclass is slice
 objName is slice1
14914 INFO   ======= Pnode::handleAppCDAPmessage pnode1 ObjClass: slice
14914 INFO   ======= Pnode::handleAppCDAPmessage pnode1 ObjName:  slice1
14914 INFO   ======= Pnode::handleAppCDAPmessage pnode1 SrcAEName: sp
14914 WARN   Pnode::handleSliceRequest: slice: 3185057already embedded
14914 INFO   Iteration t = 3 for slice: 3185057
14914 INFO   CADlog: pNode pnode1 BIDDING PHASE started  
 for sliceName: sliceName_linearSlice 
 slice topology: LINEAR 
 slice id: 3185057
14914 DEBUG  requested vNodeList : []
14915 DEBUG  NodeBiddingImpl::nodeBidding: bidisNeeded BEFORE (should be true): true
14915 DEBUG  NodeBiddingImpl::nodeBidding:sliceRequested.getVirtualnodeCount(): 0
14915 DEBUG  NodeBiddingImpl::biddingIsNeeded: _bidVectorMap.get(sliceID).size(): 0
14915 DEBUG  NodeBiddingImpl::biddingIsNeeded: get_allocationPolicy(): sad
14915 DEBUG  NodeBiddingImpl::biddingIsNeeded: sliceRequested.getVirtualnodeList().size(): 0
14915 DEBUG  NodeBiddingImpl::biddingIsNeeded: _bidVectorMap.get(sliceID).size(): 0
14915 DEBUG  NodeBiddingImpl::biddingIsNeeded: currentBids: 0
14915 DEBUG  NodeBiddingImpl::biddingIsNeeded: sliceRequested.getVirtualnodeList().size(): 0
14915 DEBUG  NodeBiddingImpl::nodeBidding: bidisNeeded AFTER: false
14915 DEBUG  NodeBiddingImpl::nodeBidding: bidisNeeded = false
14915 DEBUG  NodeBiddingImpl::nodeBidding: get_allocationPolicy: sad
14916 DEBUG  NodeBiddingImpl::nodeBidding: _allocationVectorMap: {3185057={}}
14916 DEBUG  NodeBiddingImpl::nodeBidding: _bidVectorMap: {3185057=[]}
14916 DEBUG  NodeBiddingImpl::nodeBidding: _mMap: {3185057=[]}
14916 DEBUG  ================================================
14916 DEBUG  ================================================
14916 DEBUG  Pnode::handleSliceRequest: this.getAppName()pnode1
14916 DEBUG  Pnode::handleSliceRequest: neighborList BEFORE removing itself: [InPManagerIPC, pnode3, sp]
14916 DEBUG  Pnode::handleSliceRequest: neighborList AFTER removing itself: [InPManagerIPC, pnode3, sp]
14916 DEBUG  Pnode::handleSliceRequest: sending first BID to neighborList: [InPManagerIPC, pnode3, sp]
14917 DEBUG  Pnode::sendFirstBIDMessage: neighborList BEFORE: [InPManagerIPC, pnode3, sp]
14917 DEBUG  Pnode::sendFirstBIDMessage: getMySP() BEFORE: sp
14917 DEBUG  Pnode::sendFirstBIDMessage: dstName = InPManagerIPC
14917 DEBUG  Pnode::sendFirstBIDMessage: not sending anything to: InPManagerIPC
14917 DEBUG  Pnode::sendFirstBIDMessage: dstName = pnode3
14917 DEBUG  FlowAllocatorImpl::resolveUpperDIFIPC: CDAP M_READ sent, appName is pnode3, NMS name is InPManagerIPC
14917 INFO   IRM: allocate flow using the existing underlying DIF with ipc is pnode1
14918 INFO   Flow Allocator(pnode1): for app pnode3underlyingDstIPCName is pnode3 wellknownPort is 2717
14918 INFO   Flow Allocator: portID is 1593
14918 DEBUG  DTP message sent on first level flow ----
14918 INFO   Flow Allocator: M_CREATE(flow) msg sent to  pnode3
14919 INFO   IPCProcess(pnode1): cdapMessage received, and opcode is M_READ_R and src is InPManagerIPC and objclass is resolveApp, objName is pnode3
14919 INFO   IPC Process : M_READ_R(OK) received from  NMS. App   pnode3 is resloved to IPC pnode3 and well know port is  2717
14920 INFO   Flow Allocator: flow allocated successful  between srcIPC pnode1(portID:1593) and dstIPC pnode3(portID:2946)
14921 DEBUG  Pnode::sendFirstBIDMessage: handle for flow with pnode3 is :3173
14921 DEBUG  Pnode::sendFirstBIDMessage: handle for flow to destination pnode3 is :8909
14922 DEBUG  Msg was sent out by IRM to destName: pnode3
14922 DEBUG  $$$$$$$$$$$$$$$$$$$$$$$$$$$$$$$$$$$$$$$$$$$$$$$$$$$$$$$$$$$$$$$$
14922 DEBUG  Pnode::sendFirstBIDMessage: CDAP message with BID and Slice payload sent to pnode3
14922 DEBUG  Pnode::sendFirstBIDMessage: dstName = sp
14922 DEBUG  Pnode::sendFirstBIDMessage: not sending anything to: sp
16148 INFO   IPCProcess(pnode1): cdapMessage received, and opcode is M_READ_R and src is InPManagerIPC and objclass is PubSub, objName is InPManagerIPC
16148 INFO   RIBDaemon(pnode1): opcode is M_READ_R objClass is PubSub received from InPManagerIPC
16148 INFO   RIBDaemon(pnode1): appsReachable(freq: 2)M_READ_R received
18152 INFO   IPCProcess(pnode1): cdapMessage received, and opcode is M_READ_R and src is InPManagerIPC and objclass is PubSub, objName is InPManagerIPC
18152 INFO   RIBDaemon(pnode1): opcode is M_READ_R objClass is PubSub received from InPManagerIPC
18153 INFO   RIBDaemon(pnode1): appsReachable(freq: 2)M_READ_R received
20155 INFO   IPCProcess(pnode1): cdapMessage received, and opcode is M_READ_R and src is InPManagerIPC and objclass is PubSub, objName is InPManagerIPC
20156 INFO   RIBDaemon(pnode1): opcode is M_READ_R objClass is PubSub received from InPManagerIPC
20156 INFO   RIBDaemon(pnode1): appsReachable(freq: 2)M_READ_R received
22159 INFO   IPCProcess(pnode1): cdapMessage received, and opcode is M_READ_R and src is InPManagerIPC and objclass is PubSub, objName is InPManagerIPC
22159 INFO   RIBDaemon(pnode1): opcode is M_READ_R objClass is PubSub received from InPManagerIPC
22159 INFO   RIBDaemon(pnode1): appsReachable(freq: 2)M_READ_R received
24161 INFO   IPCProcess(pnode1): cdapMessage received, and opcode is M_READ_R and src is InPManagerIPC and objclass is PubSub, objName is InPManagerIPC
24161 INFO   RIBDaemon(pnode1): opcode is M_READ_R objClass is PubSub received from InPManagerIPC
24162 INFO   RIBDaemon(pnode1): appsReachable(freq: 2)M_READ_R received
26164 INFO   IPCProcess(pnode1): cdapMessage received, and opcode is M_READ_R and src is InPManagerIPC and objclass is PubSub, objName is InPManagerIPC
26165 INFO   RIBDaemon(pnode1): opcode is M_READ_R objClass is PubSub received from InPManagerIPC
26165 INFO   RIBDaemon(pnode1): appsReachable(freq: 2)M_READ_R received
28168 INFO   IPCProcess(pnode1): cdapMessage received, and opcode is M_READ_R and src is InPManagerIPC and objclass is PubSub, objName is InPManagerIPC
28168 INFO   RIBDaemon(pnode1): opcode is M_READ_R objClass is PubSub received from InPManagerIPC
28168 INFO   RIBDaemon(pnode1): appsReachable(freq: 2)M_READ_R received
